1476798489419	addons.update-checker	WARN	Update manifest for firefox@getpocket.com did not contain an updates property
1476798489435	addons.update-checker	WARN	Update manifest for {972ce4c6-7e08-4474-a285-3208198ce6fd} did not contain an updates property
1476798489442	addons.update-checker	WARN	Update manifest for webcompat@mozilla.org did not contain an updates property
1476798489599	addons.update-checker	WARN	Update manifest for web2pdfextension@web2pdf.adobedotcom did not contain an updates property
1476798489607	addons.update-checker	WARN	Update manifest for e10srollout@mozilla.org did not contain an updates property
1476809295613	addons.update-checker	WARN	Update manifest for firefox@getpocket.com did not contain an updates property
1476809295621	addons.update-checker	WARN	Update manifest for webcompat@mozilla.org did not contain an updates property
1476809295627	addons.update-checker	WARN	Update manifest for {972ce4c6-7e08-4474-a285-3208198ce6fd} did not contain an updates property
1476809295644	addons.update-checker	WARN	Update manifest for web2pdfextension@web2pdf.adobedotcom did not contain an updates property
1476809295653	addons.update-checker	WARN	Update manifest for e10srollout@mozilla.org did not contain an updates property
1477146353978	addons.update-checker	WARN	Update manifest for firefox@getpocket.com did not contain an updates property
1477146353984	addons.update-checker	WARN	Update manifest for webcompat@mozilla.org did not contain an updates property
1477146353991	addons.update-checker	WARN	Update manifest for web2pdfextension@web2pdf.adobedotcom did not contain an updates property
1477146353997	addons.update-checker	WARN	Update manifest for {972ce4c6-7e08-4474-a285-3208198ce6fd} did not contain an updates property
1477146354167	addons.update-checker	WARN	Update manifest for e10srollout@mozilla.org did not contain an updates property
1477146354173	addons.update-checker	WARN	Update manifest for asyncrendering@mozilla.org did not contain an updates property
1477146354179	addons.update-checker	WARN	Update manifest for d3d9fallback@mozilla.org did not contain an updates property
1477209306648	addons.update-checker	WARN	Update manifest for firefox@getpocket.com did not contain an updates property
1477209306654	addons.update-checker	WARN	Update manifest for webcompat@mozilla.org did not contain an updates property
1477209306660	addons.update-checker	WARN	Update manifest for {972ce4c6-7e08-4474-a285-3208198ce6fd} did not contain an updates property
1477209306812	addons.update-checker	WARN	Update manifest for web2pdfextension@web2pdf.adobedotcom did not contain an updates property
1477209306818	addons.update-checker	WARN	Update manifest for e10srollout@mozilla.org did not contain an updates property
1477553566362	addons.update-checker	WARN	Update manifest for firefox@getpocket.com did not contain an updates property
1477553566374	addons.update-checker	WARN	Update manifest for webcompat@mozilla.org did not contain an updates property
1477553566383	addons.update-checker	WARN	Update manifest for {972ce4c6-7e08-4474-a285-3208198ce6fd} did not contain an updates property
1477553566390	addons.update-checker	WARN	Update manifest for web2pdfextension@web2pdf.adobedotcom did not contain an updates property
1477553566553	addons.update-checker	WARN	Update manifest for e10srollout@mozilla.org did not contain an updates property
1477553566566	addons.update-checker	WARN	Update manifest for asyncrendering@mozilla.org did not contain an updates property
1477553566575	addons.update-checker	WARN	Update manifest for d3d9fallback@mozilla.org did not contain an updates property
1477561202745	addons.update-checker	WARN	Update manifest for firefox@getpocket.com did not contain an updates property
1477561202759	addons.update-checker	WARN	Update manifest for webcompat@mozilla.org did not contain an updates property
1477561202765	addons.update-checker	WARN	Update manifest for {972ce4c6-7e08-4474-a285-3208198ce6fd} did not contain an updates property
1477561202927	addons.update-checker	WARN	Update manifest for web2pdfextension@web2pdf.adobedotcom did not contain an updates property
1477561202934	addons.update-checker	WARN	Update manifest for e10srollout@mozilla.org did not contain an updates property
1477561202941	addons.update-checker	WARN	Update manifest for d3d9fallback@mozilla.org did not contain an updates property
1477561202948	addons.update-checker	WARN	Update manifest for asyncrendering@mozilla.org did not contain an updates property
